================================================================================
Appcelerator Titanium Diagnostics Build Log
The contents of this file are useful to send to Appcelerator Support if
reporting an issue to help us understand your environment, build settings
and aid in debugging. Please attach this log to any issue that you report.
================================================================================

Starting build at 02/26/12 13:16

Build details:

   timestamp=01/27/12 17:31
   module_apiversion=2
   version=1.8.1
   githash=a24502a


Script arguments:
   /Users/chrono22031/Library/Application Support/Titanium/mobilesdk/osx/1.8.1/iphone/builder.py
   simulator
   5.0
   /Users/chrono22031/Documents/Titanium Studio Workspace/Matter of Memory (v 2.0)
   com.hectorleiva.matterofmemory
   Matter of Memory (v 2.0)
   universal
   iphone
   

Building from: /Users/chrono22031/Library/Application Support/Titanium/mobilesdk/osx/1.8.1/iphone
Platform: Darwin Kernel Version 11.2.0: Tue Aug  9 20:54:00 PDT 2011; root:xnu-1699.24.8~1/RELEASE_X86_64

Xcode path is: /Developer


githash=a24502a, existing_git_hash=a24502a
writing contents of /Users/chrono22031/Documents/Titanium Studio Workspace/Matter of Memory (v 2.0)/build/iphone/project.xcconfig:

TI_VERSION=1.8.1
TI_SDK_DIR=/Users/chrono22031/Library/Application Support/Titanium/mobilesdk/osx/$(TI_VERSION)/iphone
TI_APPID=com.hectorleiva.matterofmemory
OTHER_LDFLAGS[sdk=iphoneos*]=$(inherited) -weak_framework iAd
OTHER_LDFLAGS[sdk=iphonesimulator*]=$(inherited) -weak_framework iAd
#include "module"

old contents


Generated the following stylecode code:

<?xml version="1.0" encoding="UTF-8"?>
<!DOCTYPE plist PUBLIC "-//Apple//DTD PLIST 1.0//EN" "http://www.apple.com/DTDs/PropertyList-1.0.dtd">
<plist version="1.0">
	<dict>
		<key>classes</key>
		<dict>
</dict>

		<key>classes_density</key>
		<dict>
</dict>

		<key>ids</key>
		<dict>
</dict>

		<key>ids_density</key>
		<dict>
</dict>

		<key>tags</key>
		<dict>
</dict>

		<key>tags_density</key>
		<dict>
</dict>

	</dict>
</plist>
Finishing build
